<?xml version="1.0" encoding="UTF-8"?>
<testsuite xmlns:xsi="http://www.w3.org/2001/XMLSchema-instance" xsi:schemaLocation="https://maven.apache.org/surefire/maven-surefire-plugin/xsd/surefire-test-report.xsd" name="anthony.com.persistence.UserDaoTest" time="1.112" tests="8" errors="0" skipped="0" failures="0">
  <properties>
[...]
</properties>
  <testcase name="deleteSuccess" classname="anthony.com.persistence.UserDaoTest" time="0.143"/>
  <testcase name="getCustomersByUserId" classname="anthony.com.persistence.UserDaoTest" time="0.168"/>
  <testcase name="getByPropertyEqualSuccess" classname="anthony.com.persistence.UserDaoTest" time="0.135"/>
  <testcase name="getByPropertyLikeSuccess" classname="anthony.com.persistence.UserDaoTest" time="0.183"/>
  <testcase name="getByIdSuccess" classname="anthony.com.persistence.UserDaoTest" time="0.118"/>
  <testcase name="updateSuccess" classname="anthony.com.persistence.UserDaoTest" time="0.131"/>
  <testcase name="getAllUsersSuccess" classname="anthony.com.persistence.UserDaoTest" time="0.104"/>
  <testcase name="insertSuccess" classname="anthony.com.persistence.UserDaoTest" time="0.129"/>
</testsuite>